<?xml version="1.0" encoding="UTF-8"?>
<!-- Generated by org.testng.reporters.JUnitXMLReporter -->
<testsuite ignored="0" hostname="vamsi_siva" failures="1" tests="4" name="Parameter Test two" time="360.524" errors="0" timestamp="2021-10-26T23:23:01 IST">
  <testcase classname="Tests.LoginTest" name="Searchproduct" time="31.897"/>
  <testcase classname="Tests.LoginTest" name="SignInAtHomePage" time="15.341"/>
  <testcase classname="Tests.LoginTest" name="verifyContinueBtnIsPresent" time="38.052">
    <failure type="java.lang.AssertionError" message="expected [true] but found [false]">
      <![CDATA[java.lang.AssertionError: expected [true] but found [false]
at Utilities.CommonUtil.hardAssertion(CommonUtil.java:277)
at Pages.SignInPage.verifyContinueBtn(SignInPage.java:31)
at Tests.LoginTest.verifyContinueBtnIsPresent(LoginTest.java:60)
at java.base/java.util.ArrayList.forEach(ArrayList.java:1511)
... Removed 31 stack frames]]>
    </failure>
  </testcase> <!-- verifyContinueBtnIsPresent -->
  <testcase classname="Tests.LoginTest" name="verifyProductPage" time="10.35"/>
</testsuite> <!-- Parameter Test two -->
