<?xml version="1.0" encoding="UTF-8"?>
<testng-results ignored="0" total="4" passed="3" failed="1" skipped="0">
  <reporter-output>
  </reporter-output>
  <suite started-at="2021-10-26T23:17:01 IST" name="Suite" finished-at="2021-10-26T23:23:01 IST" duration-ms="360524">
    <groups>
    </groups>
    <test started-at="2021-10-26T23:17:01 IST" name="Parameter Test two" finished-at="2021-10-26T23:23:01 IST" duration-ms="360524">
      <class name="Tests.LoginTest">
        <test-method is-config="true" signature="loadhtml(java.lang.String,java.lang.String)[pri:0, instance:Tests.LoginTest@57cf54e1]" started-at="2021-10-26T23:16:59 IST" name="loadhtml" finished-at="2021-10-26T23:17:01 IST" duration-ms="1714" status="PASS">
          <params>
            <param index="0">
              <value>
                <![CDATA[Windows]]>
              </value>
            </param>
            <param index="1">
              <value>
                <![CDATA[Chrome]]>
              </value>
            </param>
          </params>
          <reporter-output>
          </reporter-output>
        </test-method> <!-- loadhtml -->
        <test-method is-config="true" signature="loadData()[pri:0, instance:Tests.LoginTest@57cf54e1]" started-at="2021-10-26T23:17:01 IST" name="loadData" finished-at="2021-10-26T23:18:30 IST" duration-ms="88851" status="PASS">
          <reporter-output>
          </reporter-output>
        </test-method> <!-- loadData -->
        <test-method is-config="true" signature="HomePageTestLoad()[pri:0, instance:Tests.LoginTest@57cf54e1]" started-at="2021-10-26T23:18:30 IST" name="HomePageTestLoad" finished-at="2021-10-26T23:18:32 IST" duration-ms="2196" status="PASS">
          <reporter-output>
          </reporter-output>
        </test-method> <!-- HomePageTestLoad -->
        <test-method signature="Searchproduct()[pri:0, instance:Tests.LoginTest@57cf54e1]" started-at="2021-10-26T23:18:32 IST" name="Searchproduct" finished-at="2021-10-26T23:19:04 IST" duration-ms="31897" status="PASS">
          <reporter-output>
          </reporter-output>
        </test-method> <!-- Searchproduct -->
        <test-method is-config="true" signature="getResult(org.testng.ITestResult)[pri:0, instance:Tests.LoginTest@57cf54e1]" started-at="2021-10-26T23:19:04 IST" name="getResult" finished-at="2021-10-26T23:19:16 IST" duration-ms="11587" status="PASS">
          <params>
            <param index="0">
              <value>
                <![CDATA[[TestResult name=Searchproduct status=SUCCESS method=LoginTest.Searchproduct()[pri:0, instance:Tests.LoginTest@57cf54e1] output={null}]]]>
              </value>
            </param>
          </params>
          <reporter-output>
          </reporter-output>
        </test-method> <!-- getResult -->
        <test-method is-config="true" signature="loadData()[pri:0, instance:Tests.LoginTest@57cf54e1]" started-at="2021-10-26T23:19:16 IST" name="loadData" finished-at="2021-10-26T23:20:39 IST" duration-ms="83364" status="PASS">
          <reporter-output>
          </reporter-output>
        </test-method> <!-- loadData -->
        <test-method is-config="true" signature="HomePageTestLoad()[pri:0, instance:Tests.LoginTest@57cf54e1]" started-at="2021-10-26T23:20:39 IST" name="HomePageTestLoad" finished-at="2021-10-26T23:20:39 IST" duration-ms="3" status="PASS">
          <reporter-output>
          </reporter-output>
        </test-method> <!-- HomePageTestLoad -->
        <test-method signature="SignInAtHomePage()[pri:0, instance:Tests.LoginTest@57cf54e1]" started-at="2021-10-26T23:20:39 IST" name="SignInAtHomePage" finished-at="2021-10-26T23:20:54 IST" duration-ms="15341" status="PASS">
          <reporter-output>
          </reporter-output>
        </test-method> <!-- SignInAtHomePage -->
        <test-method is-config="true" signature="getResult(org.testng.ITestResult)[pri:0, instance:Tests.LoginTest@57cf54e1]" started-at="2021-10-26T23:20:54 IST" name="getResult" finished-at="2021-10-26T23:21:07 IST" duration-ms="12367" status="PASS">
          <params>
            <param index="0">
              <value>
                <![CDATA[[TestResult name=SignInAtHomePage status=SUCCESS method=LoginTest.SignInAtHomePage()[pri:0, instance:Tests.LoginTest@57cf54e1] output={null}]]]>
              </value>
            </param>
          </params>
          <reporter-output>
          </reporter-output>
        </test-method> <!-- getResult -->
        <test-method is-config="true" signature="loadData()[pri:0, instance:Tests.LoginTest@57cf54e1]" started-at="2021-10-26T23:21:07 IST" name="loadData" finished-at="2021-10-26T23:21:37 IST" duration-ms="30429" status="PASS">
          <reporter-output>
          </reporter-output>
        </test-method> <!-- loadData -->
        <test-method is-config="true" signature="HomePageTestLoad()[pri:0, instance:Tests.LoginTest@57cf54e1]" started-at="2021-10-26T23:21:37 IST" name="HomePageTestLoad" finished-at="2021-10-26T23:21:37 IST" duration-ms="2" status="PASS">
          <reporter-output>
          </reporter-output>
        </test-method> <!-- HomePageTestLoad -->
        <test-method signature="verifyContinueBtnIsPresent()[pri:0, instance:Tests.LoginTest@57cf54e1]" started-at="2021-10-26T23:21:37 IST" name="verifyContinueBtnIsPresent" finished-at="2021-10-26T23:22:15 IST" duration-ms="38052" status="FAIL">
          <exception class="java.lang.AssertionError">
            <message>
              <![CDATA[expected [true] but found [false]]]>
            </message>
            <full-stacktrace>
              <![CDATA[java.lang.AssertionError: expected [true] but found [false]
at org.testng.Assert.fail(Assert.java:99)
at org.testng.Assert.failNotEquals(Assert.java:1037)
at org.testng.Assert.assertTrue(Assert.java:45)
at org.testng.Assert.assertTrue(Assert.java:55)
at Utilities.CommonUtil.hardAssertion(CommonUtil.java:277)
at Pages.SignInPage.verifyContinueBtn(SignInPage.java:31)
at Tests.LoginTest.verifyContinueBtnIsPresent(LoginTest.java:60)
at java.base/jdk.internal.reflect.NativeMethodAccessorImpl.invoke0(Native Method)
at java.base/jdk.internal.reflect.NativeMethodAccessorImpl.invoke(NativeMethodAccessorImpl.java:78)
at java.base/jdk.internal.reflect.DelegatingMethodAccessorImpl.invoke(DelegatingMethodAccessorImpl.java:43)
at java.base/java.lang.reflect.Method.invoke(Method.java:567)
at org.testng.internal.MethodInvocationHelper.invokeMethod(MethodInvocationHelper.java:133)
at org.testng.internal.TestInvoker.invokeMethod(TestInvoker.java:598)
at org.testng.internal.TestInvoker.invokeTestMethod(TestInvoker.java:173)
at org.testng.internal.MethodRunner.runInSequence(MethodRunner.java:46)
at org.testng.internal.TestInvoker$MethodInvocationAgent.invoke(TestInvoker.java:824)
at org.testng.internal.TestInvoker.invokeTestMethods(TestInvoker.java:146)
at org.testng.internal.TestMethodWorker.invokeTestMethods(TestMethodWorker.java:146)
at org.testng.internal.TestMethodWorker.run(TestMethodWorker.java:128)
at java.base/java.util.ArrayList.forEach(ArrayList.java:1511)
at org.testng.TestRunner.privateRun(TestRunner.java:794)
at org.testng.TestRunner.run(TestRunner.java:596)
at org.testng.SuiteRunner.runTest(SuiteRunner.java:377)
at org.testng.SuiteRunner.runSequentially(SuiteRunner.java:371)
at org.testng.SuiteRunner.privateRun(SuiteRunner.java:332)
at org.testng.SuiteRunner.run(SuiteRunner.java:276)
at org.testng.SuiteRunnerWorker.runSuite(SuiteRunnerWorker.java:53)
at org.testng.SuiteRunnerWorker.run(SuiteRunnerWorker.java:96)
at org.testng.TestNG.runSuitesSequentially(TestNG.java:1212)
at org.testng.TestNG.runSuitesLocally(TestNG.java:1134)
at org.testng.TestNG.runSuites(TestNG.java:1063)
at org.testng.TestNG.run(TestNG.java:1031)
at org.testng.remote.AbstractRemoteTestNG.run(AbstractRemoteTestNG.java:115)
at org.testng.remote.RemoteTestNG.initAndRun(RemoteTestNG.java:251)
at org.testng.remote.RemoteTestNG.main(RemoteTestNG.java:77)
]]>
            </full-stacktrace>
          </exception> <!-- java.lang.AssertionError -->
          <reporter-output>
          </reporter-output>
        </test-method> <!-- verifyContinueBtnIsPresent -->
        <test-method is-config="true" signature="getResult(org.testng.ITestResult)[pri:0, instance:Tests.LoginTest@57cf54e1]" started-at="2021-10-26T23:22:15 IST" name="getResult" finished-at="2021-10-26T23:22:16 IST" duration-ms="645" status="PASS">
          <params>
            <param index="0">
              <value>
                <![CDATA[[TestResult name=verifyContinueBtnIsPresent status=FAILURE method=LoginTest.verifyContinueBtnIsPresent()[pri:0, instance:Tests.LoginTest@57cf54e1] output={null}]]]>
              </value>
            </param>
          </params>
          <reporter-output>
          </reporter-output>
        </test-method> <!-- getResult -->
        <test-method is-config="true" signature="loadData()[pri:0, instance:Tests.LoginTest@57cf54e1]" started-at="2021-10-26T23:22:16 IST" name="loadData" finished-at="2021-10-26T23:22:50 IST" duration-ms="34330" status="PASS">
          <reporter-output>
          </reporter-output>
        </test-method> <!-- loadData -->
        <test-method is-config="true" signature="HomePageTestLoad()[pri:0, instance:Tests.LoginTest@57cf54e1]" started-at="2021-10-26T23:22:50 IST" name="HomePageTestLoad" finished-at="2021-10-26T23:22:50 IST" duration-ms="1" status="PASS">
          <reporter-output>
          </reporter-output>
        </test-method> <!-- HomePageTestLoad -->
        <test-method signature="verifyProductPage()[pri:0, instance:Tests.LoginTest@57cf54e1]" started-at="2021-10-26T23:22:50 IST" name="verifyProductPage" finished-at="2021-10-26T23:23:01 IST" duration-ms="10350" status="PASS">
          <reporter-output>
          </reporter-output>
        </test-method> <!-- verifyProductPage -->
        <test-method is-config="true" signature="getResult(org.testng.ITestResult)[pri:0, instance:Tests.LoginTest@57cf54e1]" started-at="2021-10-26T23:23:01 IST" name="getResult" finished-at="2021-10-26T23:23:01 IST" duration-ms="667" status="PASS">
          <params>
            <param index="0">
              <value>
                <![CDATA[[TestResult name=verifyProductPage status=SUCCESS method=LoginTest.verifyProductPage()[pri:0, instance:Tests.LoginTest@57cf54e1] output={null}]]]>
              </value>
            </param>
          </params>
          <reporter-output>
          </reporter-output>
        </test-method> <!-- getResult -->
        <test-method is-config="true" signature="tearDown()[pri:0, instance:Tests.LoginTest@57cf54e1]" started-at="2021-10-26T23:23:02 IST" name="tearDown" finished-at="2021-10-26T23:23:03 IST" duration-ms="1710" status="PASS">
          <reporter-output>
          </reporter-output>
        </test-method> <!-- tearDown -->
      </class> <!-- Tests.LoginTest -->
    </test> <!-- Parameter Test two -->
  </suite> <!-- Suite -->
</testng-results>
